
Start-Date: 2024-02-15  22:57:12
Commandline: apt-get install -y ca-certificates curl wget gnupg dirmngr xz-utils libatomic1 --no-install-recommends
Install: libssh2-1:amd64 (1.9.0-2, automatic), libcurl4:amd64 (7.74.0-1.3+deb11u11, automatic), readline-common:amd64 (8.1-1, automatic), libnghttp2-14:amd64 (1.43.0-1+deb11u1, automatic), gpg:amd64 (2.2.27-2+deb11u2, automatic), libsasl2-2:amd64 (2.1.27+dfsg-2.1+deb11u1, automatic), librtmp1:amd64 (2.4+20151223.gitfa8646d.1-2+b2, automatic), gnupg:amd64 (2.2.27-2+deb11u2), libsasl2-modules-db:amd64 (2.1.27+dfsg-2.1+deb11u1, automatic), gpg-wks-server:amd64 (2.2.27-2+deb11u2, automatic), xz-utils:amd64 (5.2.5-2.1~deb11u1), libldap-2.4-2:amd64 (2.4.57+dfsg-3+deb11u1, automatic), gpg-agent:amd64 (2.2.27-2+deb11u2, automatic), wget:amd64 (1.21-1+deb11u1), libreadline8:amd64 (8.1-1, automatic), libassuan0:amd64 (2.5.3-7.1, automatic), libnpth0:amd64 (1.6-3, automatic), libsqlite3-0:amd64 (3.34.1-3, automatic), pinentry-curses:amd64 (1.1.0-4, automatic), gpgsm:amd64 (2.2.27-2+deb11u2, automatic), ca-certificates:amd64 (20210119), libbrotli1:amd64 (1.0.9-2+b2, automatic), dirmngr:amd64 (2.2.27-2+deb11u2), libksba8:amd64 (1.5.0-3+deb11u2, automatic), gnupg-utils:amd64 (2.2.27-2+deb11u2, automatic), curl:amd64 (7.74.0-1.3+deb11u11), gnupg-l10n:amd64 (2.2.27-2+deb11u2, automatic), gpg-wks-client:amd64 (2.2.27-2+deb11u2, automatic), libncursesw6:amd64 (6.2+20201114-2+deb11u2, automatic), gpgconf:amd64 (2.2.27-2+deb11u2, automatic), libpsl5:amd64 (0.21.0-1.2, automatic), libatomic1:amd64 (10.2.1-6), openssl:amd64 (1.1.1w-0+deb11u1, automatic)
End-Date: 2024-02-15  22:57:16

Start-Date: 2024-02-15  22:57:31
Commandline: apt-get purge -y --auto-remove -o APT::AutoRemove::RecommendsImportant=false
Purge: libssh2-1:amd64 (1.9.0-2), libcurl4:amd64 (7.74.0-1.3+deb11u11), readline-common:amd64 (8.1-1), libnghttp2-14:amd64 (1.43.0-1+deb11u1), gpg:amd64 (2.2.27-2+deb11u2), libsasl2-2:amd64 (2.1.27+dfsg-2.1+deb11u1), librtmp1:amd64 (2.4+20151223.gitfa8646d.1-2+b2), gnupg:amd64 (2.2.27-2+deb11u2), libsasl2-modules-db:amd64 (2.1.27+dfsg-2.1+deb11u1), gpg-wks-server:amd64 (2.2.27-2+deb11u2), xz-utils:amd64 (5.2.5-2.1~deb11u1), libldap-2.4-2:amd64 (2.4.57+dfsg-3+deb11u1), gpg-agent:amd64 (2.2.27-2+deb11u2), wget:amd64 (1.21-1+deb11u1), libreadline8:amd64 (8.1-1), libassuan0:amd64 (2.5.3-7.1), libnpth0:amd64 (1.6-3), libsqlite3-0:amd64 (3.34.1-3), pinentry-curses:amd64 (1.1.0-4), gpgsm:amd64 (2.2.27-2+deb11u2), ca-certificates:amd64 (20210119), libbrotli1:amd64 (1.0.9-2+b2), dirmngr:amd64 (2.2.27-2+deb11u2), libksba8:amd64 (1.5.0-3+deb11u2), gnupg-utils:amd64 (2.2.27-2+deb11u2), curl:amd64 (7.74.0-1.3+deb11u11), gnupg-l10n:amd64 (2.2.27-2+deb11u2), gpg-wks-client:amd64 (2.2.27-2+deb11u2), libncursesw6:amd64 (6.2+20201114-2+deb11u2), gpgconf:amd64 (2.2.27-2+deb11u2), libpsl5:amd64 (0.21.0-1.2), libatomic1:amd64 (10.2.1-6), openssl:amd64 (1.1.1w-0+deb11u1)
End-Date: 2024-02-15  22:57:33

Start-Date: 2024-02-15  22:57:39
Commandline: apt-get install -y ca-certificates curl wget gnupg dirmngr --no-install-recommends
Install: libssh2-1:amd64 (1.9.0-2, automatic), libcurl4:amd64 (7.74.0-1.3+deb11u11, automatic), readline-common:amd64 (8.1-1, automatic), libnghttp2-14:amd64 (1.43.0-1+deb11u1, automatic), gpg:amd64 (2.2.27-2+deb11u2, automatic), libsasl2-2:amd64 (2.1.27+dfsg-2.1+deb11u1, automatic), librtmp1:amd64 (2.4+20151223.gitfa8646d.1-2+b2, automatic), gnupg:amd64 (2.2.27-2+deb11u2), libsasl2-modules-db:amd64 (2.1.27+dfsg-2.1+deb11u1, automatic), gpg-wks-server:amd64 (2.2.27-2+deb11u2, automatic), libldap-2.4-2:amd64 (2.4.57+dfsg-3+deb11u1, automatic), gpg-agent:amd64 (2.2.27-2+deb11u2, automatic), wget:amd64 (1.21-1+deb11u1), libreadline8:amd64 (8.1-1, automatic), libassuan0:amd64 (2.5.3-7.1, automatic), libnpth0:amd64 (1.6-3, automatic), libsqlite3-0:amd64 (3.34.1-3, automatic), pinentry-curses:amd64 (1.1.0-4, automatic), gpgsm:amd64 (2.2.27-2+deb11u2, automatic), ca-certificates:amd64 (20210119), libbrotli1:amd64 (1.0.9-2+b2, automatic), dirmngr:amd64 (2.2.27-2+deb11u2), libksba8:amd64 (1.5.0-3+deb11u2, automatic), gnupg-utils:amd64 (2.2.27-2+deb11u2, automatic), curl:amd64 (7.74.0-1.3+deb11u11), gnupg-l10n:amd64 (2.2.27-2+deb11u2, automatic), gpg-wks-client:amd64 (2.2.27-2+deb11u2, automatic), libncursesw6:amd64 (6.2+20201114-2+deb11u2, automatic), gpgconf:amd64 (2.2.27-2+deb11u2, automatic), libpsl5:amd64 (0.21.0-1.2, automatic), openssl:amd64 (1.1.1w-0+deb11u1, automatic)
End-Date: 2024-02-15  22:57:43

Start-Date: 2024-02-15  22:57:46
Commandline: apt-get purge -y --auto-remove -o APT::AutoRemove::RecommendsImportant=false
Purge: libssh2-1:amd64 (1.9.0-2), libcurl4:amd64 (7.74.0-1.3+deb11u11), readline-common:amd64 (8.1-1), libnghttp2-14:amd64 (1.43.0-1+deb11u1), gpg:amd64 (2.2.27-2+deb11u2), libsasl2-2:amd64 (2.1.27+dfsg-2.1+deb11u1), librtmp1:amd64 (2.4+20151223.gitfa8646d.1-2+b2), gnupg:amd64 (2.2.27-2+deb11u2), libsasl2-modules-db:amd64 (2.1.27+dfsg-2.1+deb11u1), gpg-wks-server:amd64 (2.2.27-2+deb11u2), libldap-2.4-2:amd64 (2.4.57+dfsg-3+deb11u1), gpg-agent:amd64 (2.2.27-2+deb11u2), wget:amd64 (1.21-1+deb11u1), libreadline8:amd64 (8.1-1), libassuan0:amd64 (2.5.3-7.1), libnpth0:amd64 (1.6-3), libsqlite3-0:amd64 (3.34.1-3), pinentry-curses:amd64 (1.1.0-4), gpgsm:amd64 (2.2.27-2+deb11u2), ca-certificates:amd64 (20210119), libbrotli1:amd64 (1.0.9-2+b2), dirmngr:amd64 (2.2.27-2+deb11u2), libksba8:amd64 (1.5.0-3+deb11u2), gnupg-utils:amd64 (2.2.27-2+deb11u2), curl:amd64 (7.74.0-1.3+deb11u11), gnupg-l10n:amd64 (2.2.27-2+deb11u2), gpg-wks-client:amd64 (2.2.27-2+deb11u2), libncursesw6:amd64 (6.2+20201114-2+deb11u2), gpgconf:amd64 (2.2.27-2+deb11u2), libpsl5:amd64 (0.21.0-1.2), openssl:amd64 (1.1.1w-0+deb11u1)
End-Date: 2024-02-15  22:57:47

Start-Date: 2024-03-11  04:39:23
Commandline: apt install -y dumb-init --no-install-recommends
Install: dumb-init:amd64 (1.2.5-1)
End-Date: 2024-03-11  04:39:23
